# JRE version: OpenJDK Runtime Environment Temurin-21.0.8+9 (21.0.8+9) (build 21.0.8+9-LTS)
# Java VM: OpenJDK 64-Bit Server VM Temurin-21.0.8+9 (21.0.8+9-LTS, mixed mode, sharing, tiered, compressed oops, compressed class ptrs, parallel gc, windows-amd64)
GC Precious Log:
 CardTable entry size: 512
 CPUs: 8 total, 8 available
 Memory: 7959M
 Large Page Support: Disabled
 NUMA Support: Disabled
 Compressed Oops: Enabled (32-bit)
 Alignments: Space 512K, Generation 512K, Heap 2M
 Heap Min Capacity: 100M
 Heap Initial Capacity: 100M
 Heap Max Capacity: 2G
 Pre-touch: Disabled
 Parallel Workers: 8
Heap:
 PSYoungGen      total 6656K, used 6395K [0x00000000d5580000, 0x00000000d5d00000, 0x0000000100000000)
  eden space 5632K, 97% used [0x00000000d5580000,0x00000000d5ae2d90,0x00000000d5b00000)
  from space 1024K, 85% used [0x00000000d5b00000,0x00000000d5bdc030,0x00000000d5c00000)
  to   space 1024K, 0% used [0x00000000d5c00000,0x00000000d5c00000,0x00000000d5d00000)
 ParOldGen       total 1029120K, used 1028837K [0x0000000080000000, 0x00000000bed00000, 0x00000000d5580000)
  object space 1029120K, 99% used [0x0000000080000000,0x00000000becb9558,0x00000000bed00000)
 Metaspace       used 99170K, committed 100992K, reserved 1179648K
  class space    used 9374K, committed 10304K, reserved 1048576K
GC Heap History (20 events):
Event: 5084.572 GC heap before
{Heap before GC invocations=11618 (full 20):
 PSYoungGen      total 4608K, used 3616K [0x00000000d5580000, 0x00000000d5e00000, 0x0000000100000000)
  eden space 3072K, 100% used [0x00000000d5580000,0x00000000d5880000,0x00000000d5880000)
  from space 1536K, 35% used [0x00000000d5b00000,0x00000000d5b88000,0x00000000d5c80000)
  to   space 1024K, 0% used [0x00000000d5d00000,0x00000000d5d00000,0x00000000d5e00000)
 ParOldGen       total 1021952K, used 1021534K [0x0000000080000000, 0x00000000be600000, 0x00000000d5580000)
  object space 1021952K, 99% used [0x0000000080000000,0x00000000be597b10,0x00000000be600000)
 Metaspace       used 99170K, committed 100992K, reserved 1179648K
  class space    used 9374K, committed 10304K, reserved 1048576K
}
Event: 5084.574 GC heap after
{Heap after GC invocations=11618 (full 20):
 PSYoungGen      total 4608K, used 448K [0x00000000d5580000, 0x00000000d5d80000, 0x0000000100000000)
  eden space 4096K, 0% used [0x00000000d5580000,0x00000000d5580000,0x00000000d5980000)
  from space 512K, 87% used [0x00000000d5d00000,0x00000000d5d70000,0x00000000d5d80000)
  to   space 512K, 0% used [0x00000000d5c80000,0x00000000d5c80000,0x00000000d5d00000)
 ParOldGen       total 1021952K, used 1021938K [0x0000000080000000, 0x00000000be600000, 0x00000000d5580000)
  object space 1021952K, 99% used [0x0000000080000000,0x00000000be5fc8d8,0x00000000be600000)
 Metaspace       used 99170K, committed 100992K, reserved 1179648K
  class space    used 9374K, committed 10304K, reserved 1048576K
}
Event: 5084.594 GC heap before
{Heap before GC invocations=11619 (full 20):
 PSYoungGen      total 4608K, used 4544K [0x00000000d5580000, 0x00000000d5d80000, 0x0000000100000000)
  eden space 4096K, 100% used [0x00000000d5580000,0x00000000d5980000,0x00000000d5980000)
  from space 512K, 87% used [0x00000000d5d00000,0x00000000d5d70000,0x00000000d5d80000)
  to   space 512K, 0% used [0x00000000d5c80000,0x00000000d5c80000,0x00000000d5d00000)
 ParOldGen       total 1021952K, used 1021938K [0x0000000080000000, 0x00000000be600000, 0x00000000d5580000)
  object space 1021952K, 99% used [0x0000000080000000,0x00000000be5fc8d8,0x00000000be600000)
 Metaspace       used 99170K, committed 100992K, reserved 1179648K
  class space    used 9374K, committed 10304K, reserved 1048576K
}
Event: 5084.596 GC heap after
{Heap after GC invocations=11619 (full 20):
 PSYoungGen      total 5632K, used 512K [0x00000000d5580000, 0x00000000d5d80000, 0x0000000100000000)
  eden space 5120K, 0% used [0x00000000d5580000,0x00000000d5580000,0x00000000d5a80000)
  from space 512K, 100% used [0x00000000d5c80000,0x00000000d5d00000,0x00000000d5d00000)
  to   space 512K, 0% used [0x00000000d5d00000,0x00000000d5d00000,0x00000000d5d80000)
 ParOldGen       total 1022464K, used 1022362K [0x0000000080000000, 0x00000000be680000, 0x00000000d5580000)
  object space 1022464K, 99% used [0x0000000080000000,0x00000000be666a80,0x00000000be680000)
 Metaspace       used 99170K, committed 100992K, reserved 1179648K
  class space    used 9374K, committed 10304K, reserved 1048576K
}
Event: 5084.605 GC heap before
{Heap before GC invocations=11620 (full 20):
 PSYoungGen      total 5632K, used 5632K [0x00000000d5580000, 0x00000000d5d80000, 0x0000000100000000)
  eden space 5120K, 100% used [0x00000000d5580000,0x00000000d5a80000,0x00000000d5a80000)
  from space 512K, 100% used [0x00000000d5c80000,0x00000000d5d00000,0x00000000d5d00000)
  to   space 512K, 0% used [0x00000000d5d00000,0x00000000d5d00000,0x00000000d5d80000)
 ParOldGen       total 1022464K, used 1022362K [0x0000000080000000, 0x00000000be680000, 0x00000000d5580000)
  object space 1022464K, 99% used [0x0000000080000000,0x00000000be666a80,0x00000000be680000)
 Metaspace       used 99170K, committed 100992K, reserved 1179648K
  class space    used 9374K, committed 10304K, reserved 1048576K
}
Event: 5084.609 GC heap after
{Heap after GC invocations=11620 (full 20):
 PSYoungGen      total 5120K, used 512K [0x00000000d5580000, 0x00000000d6180000, 0x0000000100000000)
  eden space 4608K, 0% used [0x00000000d5580000,0x00000000d5580000,0x00000000d5a00000)
  from space 512K, 100% used [0x00000000d5d00000,0x00000000d5d80000,0x00000000d5d80000)
  to   space 3072K, 0% used [0x00000000d5a00000,0x00000000d5a00000,0x00000000d5d00000)
 ParOldGen       total 1024512K, used 1024181K [0x0000000080000000, 0x00000000be880000, 0x00000000d5580000)
  object space 1024512K, 99% used [0x0000000080000000,0x00000000be82d678,0x00000000be880000)
 Metaspace       used 99170K, committed 100992K, reserved 1179648K
  class space    used 9374K, committed 10304K, reserved 1048576K
}
Event: 5084.626 GC heap before
{Heap before GC invocations=11621 (full 20):
 PSYoungGen      total 5120K, used 5120K [0x00000000d5580000, 0x00000000d6180000, 0x0000000100000000)
  eden space 4608K, 100% used [0x00000000d5580000,0x00000000d5a00000,0x00000000d5a00000)
  from space 512K, 100% used [0x00000000d5d00000,0x00000000d5d80000,0x00000000d5d80000)
  to   space 3072K, 0% used [0x00000000d5a00000,0x00000000d5a00000,0x00000000d5d00000)
 ParOldGen       total 1024512K, used 1024181K [0x0000000080000000, 0x00000000be880000, 0x00000000d5580000)
  object space 1024512K, 99% used [0x0000000080000000,0x00000000be82d678,0x00000000be880000)
 Metaspace       used 99170K, committed 100992K, reserved 1179648K
  class space    used 9374K, committed 10304K, reserved 1048576K
}
Event: 5084.629 GC heap after
{Heap after GC invocations=11621 (full 20):
 PSYoungGen      total 5632K, used 624K [0x00000000d5580000, 0x00000000d5e00000, 0x0000000100000000)
  eden space 4608K, 0% used [0x00000000d5580000,0x00000000d5580000,0x00000000d5a00000)
  from space 1024K, 60% used [0x00000000d5a00000,0x00000000d5a9c010,0x00000000d5b00000)
  to   space 1536K, 0% used [0x00000000d5c80000,0x00000000d5c80000,0x00000000d5e00000)
 ParOldGen       total 1025024K, used 1024733K [0x0000000080000000, 0x00000000be900000, 0x00000000d5580000)
  object space 1025024K, 99% used [0x0000000080000000,0x00000000be8b7678,0x00000000be900000)
 Metaspace       used 99170K, committed 100992K, reserved 1179648K
  class space    used 9374K, committed 10304K, reserved 1048576K
}
Event: 5084.648 GC heap before
{Heap before GC invocations=11622 (full 20):
 PSYoungGen      total 5632K, used 5232K [0x00000000d5580000, 0x00000000d5e00000, 0x0000000100000000)
  eden space 4608K, 100% used [0x00000000d5580000,0x00000000d5a00000,0x00000000d5a00000)
  from space 1024K, 60% used [0x00000000d5a00000,0x00000000d5a9c010,0x00000000d5b00000)
  to   space 1536K, 0% used [0x00000000d5c80000,0x00000000d5c80000,0x00000000d5e00000)
 ParOldGen       total 1025024K, used 1024733K [0x0000000080000000, 0x00000000be900000, 0x00000000d5580000)
  object space 1025024K, 99% used [0x0000000080000000,0x00000000be8b7678,0x00000000be900000)
 Metaspace       used 99170K, committed 100992K, reserved 1179648K
  class space    used 9374K, committed 10304K, reserved 1048576K
}
Event: 5084.652 GC heap after
{Heap after GC invocations=11622 (full 20):
 PSYoungGen      total 6656K, used 720K [0x00000000d5580000, 0x00000000d5d80000, 0x0000000100000000)
  eden space 5632K, 0% used [0x00000000d5580000,0x00000000d5580000,0x00000000d5b00000)
  from space 1024K, 70% used [0x00000000d5c80000,0x00000000d5d34010,0x00000000d5d80000)
  to   space 1024K, 0% used [0x00000000d5b80000,0x00000000d5b80000,0x00000000d5c80000)
 ParOldGen       total 1025536K, used 1025275K [0x0000000080000000, 0x00000000be980000, 0x00000000d5580000)
  object space 1025536K, 99% used [0x0000000080000000,0x00000000be93ef10,0x00000000be980000)
 Metaspace       used 99170K, committed 100992K, reserved 1179648K
  class space    used 9374K, committed 10304K, reserved 1048576K
}
Event: 5084.700 GC heap before
{Heap before GC invocations=11623 (full 20):
 PSYoungGen      total 6656K, used 6352K [0x00000000d5580000, 0x00000000d5d80000, 0x0000000100000000)
  eden space 5632K, 100% used [0x00000000d5580000,0x00000000d5b00000,0x00000000d5b00000)
  from space 1024K, 70% used [0x00000000d5c80000,0x00000000d5d34010,0x00000000d5d80000)
  to   space 1024K, 0% used [0x00000000d5b80000,0x00000000d5b80000,0x00000000d5c80000)
 ParOldGen       total 1025536K, used 1025275K [0x0000000080000000, 0x00000000be980000, 0x00000000d5580000)
  object space 1025536K, 99% used [0x0000000080000000,0x00000000be93ef10,0x00000000be980000)
 Metaspace       used 99170K, committed 100992K, reserved 1179648K
  class space    used 9374K, committed 10304K, reserved 1048576K
}
Event: 5084.704 GC heap after
{Heap after GC invocations=11623 (full 20):
 PSYoungGen      total 6656K, used 1002K [0x00000000d5580000, 0x00000000d5f00000, 0x0000000100000000)
  eden space 5632K, 0% used [0x00000000d5580000,0x00000000d5580000,0x00000000d5b00000)
  from space 1024K, 97% used [0x00000000d5b80000,0x00000000d5c7a910,0x00000000d5c80000)
  to   space 2048K, 0% used [0x00000000d5d00000,0x00000000d5d00000,0x00000000d5f00000)
 ParOldGen       total 1026048K, used 1025851K [0x0000000080000000, 0x00000000bea00000, 0x00000000d5580000)
  object space 1026048K, 99% used [0x0000000080000000,0x00000000be9cef50,0x00000000bea00000)
 Metaspace       used 99170K, committed 100992K, reserved 1179648K
  class space    used 9374K, committed 10304K, reserved 1048576K
}
Event: 5084.722 GC heap before
{Heap before GC invocations=11624 (full 20):
 PSYoungGen      total 6656K, used 6634K [0x00000000d5580000, 0x00000000d5f00000, 0x0000000100000000)
  eden space 5632K, 100% used [0x00000000d5580000,0x00000000d5b00000,0x00000000d5b00000)
  from space 1024K, 97% used [0x00000000d5b80000,0x00000000d5c7a910,0x00000000d5c80000)
  to   space 2048K, 0% used [0x00000000d5d00000,0x00000000d5d00000,0x00000000d5f00000)
 ParOldGen       total 1026048K, used 1025851K [0x0000000080000000, 0x00000000bea00000, 0x00000000d5580000)
  object space 1026048K, 99% used [0x0000000080000000,0x00000000be9cef50,0x00000000bea00000)
 Metaspace       used 99170K, committed 100992K, reserved 1179648K
  class space    used 9374K, committed 10304K, reserved 1048576K
}
Event: 5084.728 GC heap after
{Heap after GC invocations=11624 (full 20):
 PSYoungGen      total 6656K, used 656K [0x00000000d5580000, 0x00000000d5e00000, 0x0000000100000000)
  eden space 5632K, 0% used [0x00000000d5580000,0x00000000d5580000,0x00000000d5b00000)
  from space 1024K, 64% used [0x00000000d5d00000,0x00000000d5da4030,0x00000000d5e00000)
  to   space 1024K, 0% used [0x00000000d5b80000,0x00000000d5b80000,0x00000000d5c80000)
 ParOldGen       total 1027072K, used 1026732K [0x0000000080000000, 0x00000000beb00000, 0x00000000d5580000)
  object space 1027072K, 99% used [0x0000000080000000,0x00000000beaab3c0,0x00000000beb00000)
 Metaspace       used 99170K, committed 100992K, reserved 1179648K
  class space    used 9374K, committed 10304K, reserved 1048576K
}
Event: 5084.750 GC heap before
{Heap before GC invocations=11625 (full 20):
 PSYoungGen      total 6656K, used 6288K [0x00000000d5580000, 0x00000000d5e00000, 0x0000000100000000)
  eden space 5632K, 100% used [0x00000000d5580000,0x00000000d5b00000,0x00000000d5b00000)
  from space 1024K, 64% used [0x00000000d5d00000,0x00000000d5da4030,0x00000000d5e00000)
  to   space 1024K, 0% used [0x00000000d5b80000,0x00000000d5b80000,0x00000000d5c80000)
 ParOldGen       total 1027072K, used 1026732K [0x0000000080000000, 0x00000000beb00000, 0x00000000d5580000)
  object space 1027072K, 99% used [0x0000000080000000,0x00000000beaab3c0,0x00000000beb00000)
 Metaspace       used 99170K, committed 100992K, reserved 1179648K
  class space    used 9374K, committed 10304K, reserved 1048576K
}
Event: 5084.753 GC heap after
{Heap after GC invocations=11625 (full 20):
 PSYoungGen      total 6656K, used 752K [0x00000000d5580000, 0x00000000d5d80000, 0x0000000100000000)
  eden space 5632K, 0% used [0x00000000d5580000,0x00000000d5580000,0x00000000d5b00000)
  from space 1024K, 73% used [0x00000000d5b80000,0x00000000d5c3c010,0x00000000d5c80000)
  to   space 1024K, 0% used [0x00000000d5c80000,0x00000000d5c80000,0x00000000d5d80000)
 ParOldGen       total 1027584K, used 1027357K [0x0000000080000000, 0x00000000beb80000, 0x00000000d5580000)
  object space 1027584K, 99% used [0x0000000080000000,0x00000000beb47420,0x00000000beb80000)
 Metaspace       used 99170K, committed 100992K, reserved 1179648K
  class space    used 9374K, committed 10304K, reserved 1048576K
}
Event: 5084.770 GC heap before
{Heap before GC invocations=11626 (full 20):
 PSYoungGen      total 6656K, used 6384K [0x00000000d5580000, 0x00000000d5d80000, 0x0000000100000000)
  eden space 5632K, 100% used [0x00000000d5580000,0x00000000d5b00000,0x00000000d5b00000)
  from space 1024K, 73% used [0x00000000d5b80000,0x00000000d5c3c010,0x00000000d5c80000)
  to   space 1024K, 0% used [0x00000000d5c80000,0x00000000d5c80000,0x00000000d5d80000)
 ParOldGen       total 1027584K, used 1027357K [0x0000000080000000, 0x00000000beb80000, 0x00000000d5580000)
  object space 1027584K, 99% used [0x0000000080000000,0x00000000beb47420,0x00000000beb80000)
 Metaspace       used 99170K, committed 100992K, reserved 1179648K
  class space    used 9374K, committed 10304K, reserved 1048576K
}
Event: 5084.773 GC heap after
{Heap after GC invocations=11626 (full 20):
 PSYoungGen      total 6656K, used 996K [0x00000000d5580000, 0x00000000d5e00000, 0x0000000100000000)
  eden space 5632K, 0% used [0x00000000d5580000,0x00000000d5580000,0x00000000d5b00000)
  from space 1024K, 97% used [0x00000000d5c80000,0x00000000d5d79230,0x00000000d5d80000)
  to   space 1536K, 0% used [0x00000000d5b00000,0x00000000d5b00000,0x00000000d5c80000)
 ParOldGen       total 1028096K, used 1027970K [0x0000000080000000, 0x00000000bec00000, 0x00000000d5580000)
  object space 1028096K, 99% used [0x0000000080000000,0x00000000bebe0818,0x00000000bec00000)
 Metaspace       used 99170K, committed 100992K, reserved 1179648K
  class space    used 9374K, committed 10304K, reserved 1048576K
}
Event: 5084.803 GC heap before
{Heap before GC invocations=11627 (full 20):
 PSYoungGen      total 6656K, used 6628K [0x00000000d5580000, 0x00000000d5e00000, 0x0000000100000000)
  eden space 5632K, 100% used [0x00000000d5580000,0x00000000d5b00000,0x00000000d5b00000)
  from space 1024K, 97% used [0x00000000d5c80000,0x00000000d5d79230,0x00000000d5d80000)
  to   space 1536K, 0% used [0x00000000d5b00000,0x00000000d5b00000,0x00000000d5c80000)
 ParOldGen       total 1028096K, used 1027970K [0x0000000080000000, 0x00000000bec00000, 0x00000000d5580000)
  object space 1028096K, 99% used [0x0000000080000000,0x00000000bebe0818,0x00000000bec00000)
 Metaspace       used 99170K, committed 100992K, reserved 1179648K
  class space    used 9374K, committed 10304K, reserved 1048576K
}
Event: 5084.806 GC heap after
{Heap after GC invocations=11627 (full 20):
 PSYoungGen      total 6656K, used 880K [0x00000000d5580000, 0x00000000d5d00000, 0x0000000100000000)
  eden space 5632K, 0% used [0x00000000d5580000,0x00000000d5580000,0x00000000d5b00000)
  from space 1024K, 85% used [0x00000000d5b00000,0x00000000d5bdc030,0x00000000d5c00000)
  to   space 1024K, 0% used [0x00000000d5c00000,0x00000000d5c00000,0x00000000d5d00000)
 ParOldGen       total 1029120K, used 1028837K [0x0000000080000000, 0x00000000bed00000, 0x00000000d5580000)
  object space 1029120K, 99% used [0x0000000080000000,0x00000000becb9558,0x00000000bed00000)
 Metaspace       used 99170K, committed 100992K, reserved 1179648K
  class space    used 9374K, committed 10304K, reserved 1048576K
}

